<?xml version="1.0" encoding="UTF-8"?>
<!-- Generated by org.testng.reporters.JUnitXMLReporter -->
<testsuite hostname="christiandlo" ignored="0" name="Default test" tests="5" failures="0" timestamp="23 oct 2017 23:21:03 GMT" time="126.922" errors="0">
  <testcase name="ingresaUser" time="38.128" classname="SeleniumJenkinsTestNGprueba1.AccesoUser"/>
  <testcase name="getTitleAutentiaTest" time="21.177" classname="SeleniumJenkinsTestNGprueba1.Titulo"/>
  <testcase name="getTitleAutentiaTest" time="22.717" classname="SeleniumJenkinsTestNGprueba1.Prueba_deElementos"/>
  <testcase name="getTitleAutentiaTest" time="22.21" classname="SeleniumJenkinsTestNGprueba1.Prueba_deElementocss"/>
  <testcase name="botonBuscarID" time="22.643" classname="SeleniumJenkinsTestNGprueba1.ElemetoID_buscar"/>
</testsuite> <!-- Default test -->
